<?xml version="1.0" encoding="UTF-8"?>
<testng-results skipped="0" failed="0" ignored="0" total="1" passed="1">
  <reporter-output>
  </reporter-output>
  <suite name="Default suite" duration-ms="12868" started-at="2021-11-19T00:22:41 COT" finished-at="2021-11-19T00:22:54 COT">
    <groups>
    </groups>
    <test name="Default test" duration-ms="12868" started-at="2021-11-19T00:22:41 COT" finished-at="2021-11-19T00:22:54 COT">
      <class name="test.AddCustomerTest">
        <test-method status="PASS" signature="validUserSholdBEAbleToAddCustomer()[pri:0, instance:test.AddCustomerTest@1b68ddbd]" name="validUserSholdBEAbleToAddCustomer" duration-ms="12777" started-at="2021-11-19T00:22:41 COT" finished-at="2021-11-19T00:22:54 COT">
          <reporter-output>
          </reporter-output>
        </test-method> <!-- validUserSholdBEAbleToAddCustomer -->
      </class> <!-- test.AddCustomerTest -->
    </test> <!-- Default test -->
  </suite> <!-- Default suite -->
</testng-results>
